TN:
SF:src/errors/bankError.ts
FN:4,(anonymous_0)
FN:11,(anonymous_1)
FN:24,(anonymous_2)
FNF:3
FNH:3
FNDA:56,(anonymous_0)
FNDA:6,(anonymous_1)
FNDA:6,(anonymous_2)
DA:5,56
DA:6,56
DA:7,56
DA:11,6
DA:12,6
DA:13,6
DA:14,6
DA:15,6
DA:16,6
DA:17,6
DA:18,6
DA:19,6
DA:20,6
DA:21,6
DA:24,6
DA:25,6
DA:26,6
DA:27,6
DA:28,6
DA:29,6
DA:30,6
DA:31,6
DA:32,6
DA:33,6
DA:34,6
DA:37,6
LF:26
LH:26
BRDA:11,0,0,6
BRDA:11,0,1,6
BRDA:24,1,0,6
BRDA:24,1,1,6
BRF:4
BRH:4
end_of_record
TN:
SF:src/services/bank.ts
FN:19,(anonymous_0)
FN:31,(anonymous_1)
FN:43,(anonymous_2)
FN:53,(anonymous_3)
FN:66,(anonymous_4)
FN:77,(anonymous_5)
FN:89,(anonymous_6)
FN:112,(anonymous_7)
FN:130,(anonymous_8)
FNF:9
FNH:9
FNDA:16,(anonymous_0)
FNDA:16,(anonymous_1)
FNDA:16,(anonymous_2)
FNDA:30,(anonymous_3)
FNDA:4,(anonymous_4)
FNDA:7,(anonymous_5)
FNDA:7,(anonymous_6)
FNDA:6,(anonymous_7)
FNDA:3,(anonymous_8)
DA:1,1
DA:2,1
DA:3,1
DA:6,1
DA:20,16
DA:21,16
DA:22,16
DA:23,16
DA:32,16
DA:33,0
DA:34,0
DA:36,16
DA:44,16
DA:45,16
DA:54,30
DA:55,30
DA:56,30
DA:57,30
DA:58,30
DA:67,4
DA:68,2
DA:78,7
DA:79,1
DA:95,7
DA:101,1
DA:113,6
DA:117,4
DA:120,4
DA:131,3
DA:132,2
DA:137,1
DA:138,1
DA:141,1
DA:145,1
LF:34
LH:32
BRDA:32,0,0,0
BRDA:131,1,0,2
BRF:2
BRH:1
end_of_record
TN:
SF:src/services/customer.ts
FN:22,(anonymous_0)
FN:42,(anonymous_1)
FN:61,(anonymous_2)
FN:85,(anonymous_3)
FN:96,(anonymous_4)
FN:105,(anonymous_5)
FN:116,(anonymous_6)
FN:128,(anonymous_7)
FNF:8
FNH:8
FNDA:75,(anonymous_0)
FNDA:13,(anonymous_1)
FNDA:19,(anonymous_2)
FNDA:26,(anonymous_3)
FNDA:63,(anonymous_4)
FNDA:1,(anonymous_5)
FNDA:2,(anonymous_6)
FNDA:33,(anonymous_7)
DA:2,4
DA:3,4
DA:23,75
DA:25,74
DA:26,74
DA:27,74
DA:28,74
DA:29,74
DA:30,74
DA:32,74
DA:43,13
DA:44,6
DA:49,7
DA:50,7
DA:51,7
DA:62,19
DA:63,6
DA:68,13
DA:69,8
DA:74,5
DA:75,5
DA:76,5
DA:86,26
DA:89,26
DA:97,63
DA:98,63
DA:106,1
DA:109,1
DA:117,2
DA:120,2
DA:129,33
DA:130,33
DA:133,33
DA:137,4
LF:34
LH:34
BRDA:43,0,0,6
BRDA:62,1,0,6
BRDA:68,2,0,8
BRF:3
BRH:3
end_of_record
TN:
SF:src/services/customerManager.ts
FN:12,(anonymous_0)
FN:22,(anonymous_1)
FN:44,(anonymous_2)
FN:61,(anonymous_3)
FN:88,(anonymous_4)
FN:90,(anonymous_5)
FNF:6
FNH:6
FNDA:36,(anonymous_0)
FNDA:62,(anonymous_1)
FNDA:69,(anonymous_2)
FNDA:11,(anonymous_3)
FNDA:3,(anonymous_4)
FNDA:4,(anonymous_5)
DA:1,3
DA:3,3
DA:13,36
DA:23,62
DA:24,1
DA:30,61
DA:31,61
DA:32,61
DA:45,69
DA:46,69
DA:47,11
DA:51,69
DA:62,11
DA:63,11
DA:64,2
DA:70,9
DA:71,4
DA:77,5
DA:78,5
DA:81,5
DA:89,3
DA:90,3
DA:91,4
DA:93,3
DA:94,3
DA:98,3
LF:26
LH:26
BRDA:23,0,0,1
BRDA:46,1,0,11
BRDA:63,2,0,2
BRDA:70,3,0,4
BRF:4
BRH:4
end_of_record
TN:
SF:src/services/lockManager.ts
FN:10,(anonymous_0)
FN:19,(anonymous_1)
FN:34,(anonymous_2)
FNF:3
FNH:3
FNDA:46,(anonymous_0)
FNDA:28,(anonymous_1)
FNDA:23,(anonymous_2)
DA:1,3
DA:11,46
DA:20,28
DA:21,3
DA:26,25
DA:27,25
DA:35,23
DA:36,22
DA:37,22
DA:39,1
DA:46,3
LF:11
LH:11
BRDA:20,0,0,3
BRDA:35,1,0,22
BRDA:35,1,1,1
BRDA:35,2,0,23
BRDA:35,2,1,22
BRF:5
BRH:5
end_of_record
TN:
SF:src/services/transactionManager.ts
FN:13,(anonymous_0)
FN:24,(anonymous_1)
FN:49,(anonymous_2)
FN:84,(anonymous_3)
FNF:4
FNH:4
FNDA:26,(anonymous_0)
FNDA:7,(anonymous_1)
FNDA:12,(anonymous_2)
FNDA:16,(anonymous_3)
DA:2,2
DA:3,2
DA:14,26
DA:15,26
DA:25,7
DA:26,7
DA:27,2
DA:33,5
DA:34,5
DA:35,5
DA:36,5
DA:38,5
DA:50,12
DA:51,12
DA:52,0
DA:58,12
DA:59,4
DA:65,8
DA:66,8
DA:67,8
DA:70,8
DA:72,8
DA:90,16
DA:91,16
DA:93,16
DA:94,6
DA:100,10
DA:101,2
DA:107,8
DA:108,4
DA:114,4
DA:115,4
DA:117,4
DA:118,4
DA:121,4
DA:122,2
DA:124,4
DA:125,4
DA:130,2
LF:39
LH:38
BRDA:26,0,0,2
BRDA:51,1,0,0
BRDA:58,2,0,4
BRDA:93,3,0,6
BRDA:93,4,0,16
BRDA:93,4,1,14
BRDA:100,5,0,2
BRDA:107,6,0,4
BRF:8
BRH:7
end_of_record
TN:
SF:src/utils/validator.ts
FN:10,validateCustomer
FN:29,generatePasswordHash
FN:40,comparePasswordHash
FNF:3
FNH:3
FNDA:78,validateCustomer
FNDA:77,generatePasswordHash
FNDA:35,comparePasswordHash
DA:1,5
DA:3,5
DA:10,5
DA:12,78
DA:13,2
DA:16,76
DA:17,1
DA:29,5
DA:31,77
DA:40,5
DA:42,35
LF:11
LH:11
BRDA:12,0,0,2
BRDA:16,1,0,1
BRF:2
BRH:2
end_of_record
